2020-05-12 20:02:08 INFO  nopComersce:35 - *******Chrome Browser Opened*********
  2020-05-12 20:02:21 INFO  nopComersce:45 - *******User enter URL *********
  2020-05-12 20:02:24 INFO  nopComersce:52 - *******User entered UserName and Password*********
  2020-05-12 20:02:37 INFO  nopComersce:68 - *******User Successfully Login*********
  2020-05-12 20:02:38 INFO  nopComersce:81 - *******User click customers sub menu*********
  2020-05-12 20:02:54 INFO  nopComersce:95 - *******User entered all detaills *********
  2020-05-12 20:03:00 INFO  nopComersce:144 - *******User Successfully Add new Customer*********
  2020-05-12 20:03:01 INFO  nopComersce:35 - *******Chrome Browser Opened*********
  2020-05-12 20:03:10 INFO  nopComersce:45 - *******User enter URL *********
  2020-05-12 20:03:14 INFO  nopComersce:52 - *******User entered UserName and Password*********
  2020-05-12 20:03:27 INFO  nopComersce:68 - *******User Successfully Login*********
  2020-05-12 20:03:27 INFO  nopComersce:81 - *******User click customers sub menu*********
  2020-05-12 20:03:39 INFO  nopComersce:154 - *******User enter email*********
  2020-05-12 20:03:40 INFO  nopComersce:167 - *******veriffed customer email *********
  2020-05-12 20:03:45 INFO  nopComersce:35 - *******Chrome Browser Opened*********
  2020-05-12 20:03:53 INFO  nopComersce:45 - *******User enter URL *********
  2020-05-12 20:03:56 INFO  nopComersce:52 - *******User entered UserName and Password*********
  2020-05-12 20:04:09 INFO  nopComersce:68 - *******User Successfully Login*********
  2020-05-12 20:04:10 INFO  nopComersce:81 - *******User click customers sub menu*********
  2020-05-12 20:04:22 INFO  nopComersce:196 - *******User entered FirstName*********
  2020-05-12 20:04:22 INFO  nopComersce:190 - *******veriffed customer name *********
  2020-05-12 20:06:38 INFO  nopComersce:35 - *******Chrome Browser Opened*********
  2020-05-12 20:06:48 INFO  nopComersce:45 - *******User enter URL *********
  2020-05-12 20:06:52 INFO  nopComersce:52 - *******User entered UserName and Password*********
  2020-05-12 20:07:04 INFO  nopComersce:68 - *******User Successfully Login*********
  2020-05-12 20:07:04 INFO  nopComersce:81 - *******User click customers sub menu*********
  2020-05-12 20:07:21 INFO  nopComersce:95 - *******User entered all detaills *********
  2020-05-12 20:07:28 INFO  nopComersce:144 - *******User Successfully Add new Customer*********
  2020-05-12 20:07:30 INFO  nopComersce:35 - *******Chrome Browser Opened*********
  2020-05-12 20:07:37 INFO  nopComersce:45 - *******User enter URL *********
  2020-05-12 20:07:40 INFO  nopComersce:52 - *******User entered UserName and Password*********
  2020-05-12 20:07:50 INFO  nopComersce:68 - *******User Successfully Login*********
  2020-05-12 20:07:52 INFO  nopComersce:81 - *******User click customers sub menu*********
  2020-05-12 20:08:05 INFO  nopComersce:154 - *******User enter email*********
  2020-05-12 20:08:07 INFO  nopComersce:167 - *******veriffed customer email *********
  2020-05-12 20:08:09 INFO  nopComersce:35 - *******Chrome Browser Opened*********
  2020-05-12 20:08:17 INFO  nopComersce:45 - *******User enter URL *********
  2020-05-12 20:08:20 INFO  nopComersce:52 - *******User entered UserName and Password*********
  2020-05-12 20:08:31 INFO  nopComersce:68 - *******User Successfully Login*********
  2020-05-12 20:08:31 INFO  nopComersce:81 - *******User click customers sub menu*********
  2020-05-12 20:08:45 INFO  nopComersce:196 - *******User entered FirstName*********
  2020-05-12 20:08:45 INFO  nopComersce:190 - *******veriffed customer name *********
  133-05-2020 20:13:28 INFO  nopComersce:35 - *******Chrome Browser Opened*********
  133-05-2020 20:13:48 INFO  nopComersce:45 - *******User enter URL *********
  133-05-2020 20:14:03 INFO  nopComersce:52 - *******User entered UserName and Password*********
  133-05-2020 20:14:21 INFO  nopComersce:68 - *******User Successfully Login*********
  133-05-2020 20:14:21 INFO  nopComersce:81 - *******User click customers sub menu*********
  133-05-2020 20:14:42 INFO  nopComersce:95 - *******User entered all detaills *********
  133-05-2020 20:14:47 INFO  nopComersce:144 - *******User Successfully Add new Customer*********
  133-05-2020 20:14:48 INFO  nopComersce:35 - *******Chrome Browser Opened*********
  133-05-2020 20:14:56 INFO  nopComersce:45 - *******User enter URL *********
  133-05-2020 20:15:00 INFO  nopComersce:52 - *******User entered UserName and Password*********
  133-05-2020 20:15:20 INFO  nopComersce:68 - *******User Successfully Login*********
  133-05-2020 20:15:20 INFO  nopComersce:81 - *******User click customers sub menu*********
  133-05-2020 20:15:38 INFO  nopComersce:154 - *******User enter email*********
  133-05-2020 20:15:39 INFO  nopComersce:167 - *******veriffed customer email *********
  133-05-2020 20:15:41 INFO  nopComersce:35 - *******Chrome Browser Opened*********
  133-05-2020 20:15:47 INFO  nopComersce:45 - *******User enter URL *********
  133-05-2020 20:15:52 INFO  nopComersce:52 - *******User entered UserName and Password*********
  133-05-2020 20:16:03 INFO  nopComersce:68 - *******User Successfully Login*********
  133-05-2020 20:16:04 INFO  nopComersce:81 - *******User click customers sub menu*********
  133-05-2020 20:16:15 INFO  nopComersce:196 - *******User entered FirstName*********
  133-05-2020 20:16:15 INFO  nopComersce:190 - *******veriffed customer name *********
  133-05-2020 20:35:02 INFO  nopComersce:35 - *******Chrome Browser Opened*********
  133-05-2020 20:35:09 INFO  nopComersce:45 - *******User enter URL *********
  133-05-2020 20:35:11 INFO  nopComersce:52 - *******User entered UserName and Password*********
  133-05-2020 20:35:12 INFO  nopComersce:35 - *******Chrome Browser Opened*********
  133-05-2020 20:35:19 INFO  nopComersce:45 - *******User enter URL *********
  133-05-2020 20:35:23 INFO  nopComersce:52 - *******User entered UserName and Password*********
  133-05-2020 20:35:23 INFO  nopComersce:35 - *******Chrome Browser Opened*********
  133-05-2020 20:35:33 INFO  nopComersce:45 - *******User enter URL *********
  133-05-2020 20:35:40 INFO  nopComersce:52 - *******User entered UserName and Password*********
  133-05-2020 20:47:00 INFO  nopComersce:35 - *******Chrome Browser Opened*********
  133-05-2020 20:47:15 INFO  nopComersce:45 - *******User enter URL *********
  133-05-2020 20:47:29 INFO  nopComersce:52 - *******User entered UserName and Password*********
  133-05-2020 20:47:48 INFO  nopComersce:68 - *******User Successfully Login*********
  133-05-2020 20:47:48 INFO  nopComersce:81 - *******User click customers sub menu*********
  133-05-2020 20:48:16 INFO  nopComersce:95 - *******User entered all detaills *********
  133-05-2020 20:48:30 INFO  nopComersce:144 - *******User Successfully Add new Customer*********
  133-05-2020 20:48:33 INFO  nopComersce:35 - *******Chrome Browser Opened*********
  133-05-2020 20:48:42 INFO  nopComersce:45 - *******User enter URL *********
  133-05-2020 20:48:45 INFO  nopComersce:52 - *******User entered UserName and Password*********
  133-05-2020 20:48:55 INFO  nopComersce:68 - *******User Successfully Login*********
  133-05-2020 20:48:55 INFO  nopComersce:81 - *******User click customers sub menu*********
  133-05-2020 20:49:08 INFO  nopComersce:154 - *******User enter email*********
  133-05-2020 20:49:09 INFO  nopComersce:167 - *******veriffed customer email *********
  133-05-2020 20:49:11 INFO  nopComersce:35 - *******Chrome Browser Opened*********
  133-05-2020 20:49:18 INFO  nopComersce:45 - *******User enter URL *********
  133-05-2020 20:49:19 INFO  nopComersce:52 - *******User entered UserName and Password*********
  133-05-2020 20:49:29 INFO  nopComersce:68 - *******User Successfully Login*********
  133-05-2020 20:49:30 INFO  nopComersce:81 - *******User click customers sub menu*********
  133-05-2020 20:49:41 INFO  nopComersce:196 - *******User entered FirstName*********
  133-05-2020 20:49:41 INFO  nopComersce:190 - *******veriffed customer name *********
  134-05-2020 12:10:22 INFO  nopComersce:35 - *******Chrome Browser Opened*********
  134-05-2020 12:21:20 INFO  nopComersce:35 - *******Chrome Browser Opened*********
  134-05-2020 12:21:33 INFO  nopComersce:45 - *******User enter URL *********
  134-05-2020 12:21:36 INFO  nopComersce:52 - *******User entered UserName and Password*********
  134-05-2020 12:21:53 INFO  nopComersce:68 - *******User Successfully Login*********
  134-05-2020 12:21:54 INFO  nopComersce:81 - *******User click customers sub menu*********
  134-05-2020 12:22:13 INFO  nopComersce:95 - *******User entered all detaills *********
  134-05-2020 12:22:22 INFO  nopComersce:144 - *******User Successfully Add new Customer*********
  134-05-2020 12:22:27 INFO  nopComersce:35 - *******Chrome Browser Opened*********
  134-05-2020 12:22:38 INFO  nopComersce:45 - *******User enter URL *********
  134-05-2020 12:22:42 INFO  nopComersce:52 - *******User entered UserName and Password*********
  134-05-2020 12:22:52 INFO  nopComersce:68 - *******User Successfully Login*********
  134-05-2020 12:22:53 INFO  nopComersce:81 - *******User click customers sub menu*********
  134-05-2020 12:23:11 INFO  nopComersce:154 - *******User enter email*********
  134-05-2020 12:23:12 INFO  nopComersce:167 - *******veriffed customer email *********
  134-05-2020 12:23:17 INFO  nopComersce:35 - *******Chrome Browser Opened*********
  134-05-2020 12:23:37 INFO  nopComersce:45 - *******User enter URL *********
  134-05-2020 12:23:51 INFO  nopComersce:52 - *******User entered UserName and Password*********
  134-05-2020 12:24:22 INFO  nopComersce:68 - *******User Successfully Login*********
  134-05-2020 12:24:22 INFO  nopComersce:81 - *******User click customers sub menu*********
  134-05-2020 12:24:36 INFO  nopComersce:196 - *******User entered FirstName*********
  134-05-2020 12:24:37 INFO  nopComersce:190 - *******veriffed customer name *********
  